<?xml version="1.0" encoding="UTF-8"?>
<!-- Generated by org.testng.reporters.JUnitXMLReporter -->
<testsuite ignored="4" hostname="LTIN194558" failures="0" tests="8" name="Test" time="58.814" errors="0" timestamp="2024-02-27T21:45:02 IST">
  <testcase classname="testcase.NewBikes" name="test" time="5.465"/>
  <testcase classname="testcase.NewBikes" name="selectbrand" time="4.664"/>
  <testcase classname="testcase.NewBikes" name="bikesidentification" time="11.37"/>
  <testcase classname="testcase.UsedCars" name="usedcars" time="0.164"/>
  <testcase classname="testcase.UsedCars" name="cityselect" time="6.037"/>
  <testcase classname="testcase.UsedCars" name="popularmodels" time="9.773"/>
  <testcase classname="testcase.LoginCredentials" name="login" time="6.103"/>
  <testcase classname="testcase.LoginCredentials" name="password_validation" time="3.033"/>
  <testcase classname="testbase.Baseclass" name="@BeforeTest setupDriver" time="0.0">
    <ignored/>
  </testcase> <!-- @BeforeTest setupDriver -->
  <testcase classname="testbase.Baseclass" name="@BeforeTest setupDriver" time="0.0">
    <ignored/>
  </testcase> <!-- @BeforeTest setupDriver -->
  <testcase classname="testbase.Baseclass" name="@AfterTest teardown" time="0.0">
    <ignored/>
  </testcase> <!-- @AfterTest teardown -->
  <testcase classname="testbase.Baseclass" name="@AfterTest teardown" time="0.0">
    <ignored/>
  </testcase> <!-- @AfterTest teardown -->
</testsuite> <!-- Test -->
